Using pre-set license
Built from '2020.3/staging' branch; Version is '2020.3.14f1 (d0d1bb862f9d) revision 13685179'; Using compiler version '192528614'; Build Type 'Release'
OS: 'Windows 10 Home; OS build 19041.1110; Version 2004; 64bit' Language: 'en' Physical Memory: 65460 MB
BatchMode: 1, IsHumanControllingUs: 0, StartBugReporterOnCrash: 0, Is64bit: 1, IsPro: 0

 COMMAND LINE ARGUMENTS:
C:\Program Files\Unity\Hub\Editor\2020.3.14f1\Editor\Unity.exe
-adb2
-batchMode
-noUpm
-name
AssetImportWorker0
-projectPath
C:/Users/Nathan/Documents/GitHub/Recipe-App-Project/Recipe App
-logFile
Logs/AssetImportWorker0.log
-srvPort
62443
Successfully changed project path to: C:/Users/Nathan/Documents/GitHub/Recipe-App-Project/Recipe App
C:/Users/Nathan/Documents/GitHub/Recipe-App-Project/Recipe App
Using Asset Import Pipeline V2.
Refreshing native plugins compatible for Editor in 29.55 ms, found 3 plugins.
Preloading 0 native plugins for Editor in 0.00 ms.
Initialize engine version: 2020.3.14f1 (d0d1bb862f9d)
[Subsystems] Discovering subsystems at path C:/Program Files/Unity/Hub/Editor/2020.3.14f1/Editor/Data/Resources/UnitySubsystems
[Subsystems] Discovering subsystems at path C:/Users/Nathan/Documents/GitHub/Recipe-App-Project/Recipe App/Assets
GfxDevice: creating device client; threaded=0
Direct3D:
    Version:  Direct3D 11.0 [level 11.1]
    Renderer: NVIDIA GeForce RTX 3090 (ID=0x2204)
    Vendor:   
    VRAM:     24348 MB
    Driver:   30.0.14.7141
Initialize mono
Mono path[0] = 'C:/Program Files/Unity/Hub/Editor/2020.3.14f1/Editor/Data/Managed'
Mono path[1] = 'C:/Program Files/Unity/Hub/Editor/2020.3.14f1/Editor/Data/MonoBleedingEdge/lib/mono/unityjit'
Mono config path = 'C:/Program Files/Unity/Hub/Editor/2020.3.14f1/Editor/Data/MonoBleedingEdge/etc'
Using monoOptions --debugger-agent=transport=dt_socket,embedding=1,server=y,suspend=n,address=127.0.0.1:56856
Begin MonoManager ReloadAssembly
Registering precompiled unity dll's ...
Register platform support module: C:/Program Files/Unity/Hub/Editor/2020.3.14f1/Editor/Data/PlaybackEngines/WebGLSupport/UnityEditor.WebGL.Extensions.dll
Register platform support module: C:/Program Files/Unity/Hub/Editor/2020.3.14f1/Editor/Data/PlaybackEngines/WindowsStandaloneSupport/UnityEditor.WindowsStandalone.Extensions.dll
Registered in 0.001937 seconds.
Native extension for WindowsStandalone target not found
Native extension for WebGL target not found
Refreshing native plugins compatible for Editor in 29.63 ms, found 3 plugins.
Preloading 0 native plugins for Editor in 0.00 ms.
Mono: successfully reloaded assembly
- Completed reload, in  0.831 seconds
Domain Reload Profiling:
	ReloadAssembly (831ms)
		BeginReloadAssembly (38ms)
			ExecutionOrderSort (0ms)
			DisableScriptedObjects (0ms)
			BackupInstance (0ms)
			ReleaseScriptingObjects (0ms)
			CreateAndSetChildDomain (1ms)
		EndReloadAssembly (286ms)
			LoadAssemblies (37ms)
			RebuildTransferFunctionScriptingTraits (0ms)
			SetupTypeCache (97ms)
			ReleaseScriptCaches (0ms)
			RebuildScriptCaches (23ms)
			SetupLoadedEditorAssemblies (118ms)
				LogAssemblyErrors (0ms)
				InitializePlatformSupportModulesInManaged (4ms)
				SetLoadedEditorAssemblies (0ms)
				RefreshPlugins (30ms)
				BeforeProcessingInitializeOnLoad (5ms)
				ProcessInitializeOnLoadAttributes (60ms)
				ProcessInitializeOnLoadMethodAttributes (19ms)
				AfterProcessingInitializeOnLoad (0ms)
				EditorAssembliesLoaded (0ms)
			ExecutionOrderSort2 (0ms)
			AwakeInstancesAfterBackupRestoration (0ms)
Platform modules already initialized, skipping
Registering precompiled user dll's ...
Registered in 0.003749 seconds.
Begin MonoManager ReloadAssembly
Native extension for WindowsStandalone target not found
Native extension for WebGL target not found
Refreshing native plugins compatible for Editor in 28.73 ms, found 3 plugins.
Preloading 0 native plugins for Editor in 0.00 ms.
Mono: successfully reloaded assembly
- Completed reload, in  0.812 seconds
Domain Reload Profiling:
	ReloadAssembly (813ms)
		BeginReloadAssembly (100ms)
			ExecutionOrderSort (0ms)
			DisableScriptedObjects (3ms)
			BackupInstance (0ms)
			ReleaseScriptingObjects (0ms)
			CreateAndSetChildDomain (16ms)
		EndReloadAssembly (658ms)
			LoadAssemblies (84ms)
			RebuildTransferFunctionScriptingTraits (0ms)
			SetupTypeCache (218ms)
			ReleaseScriptCaches (1ms)
			RebuildScriptCaches (33ms)
			SetupLoadedEditorAssemblies (248ms)
				LogAssemblyErrors (0ms)
				InitializePlatformSupportModulesInManaged (4ms)
				SetLoadedEditorAssemblies (0ms)
				RefreshPlugins (29ms)
				BeforeProcessingInitializeOnLoad (54ms)
				ProcessInitializeOnLoadAttributes (146ms)
				ProcessInitializeOnLoadMethodAttributes (10ms)
				AfterProcessingInitializeOnLoad (6ms)
				EditorAssembliesLoaded (0ms)
			ExecutionOrderSort2 (0ms)
			AwakeInstancesAfterBackupRestoration (6ms)
Platform modules already initialized, skipping
========================================================================
Worker process is ready to serve import requests
Launched and connected shader compiler UnityShaderCompiler.exe after 0.05 seconds
Refreshing native plugins compatible for Editor in 0.62 ms, found 3 plugins.
Preloading 0 native plugins for Editor in 0.00 ms.
Unloading 2111 Unused Serialized files (Serialized files now loaded: 0)
System memory in use before: 95.4 MB.
System memory in use after: 95.5 MB.

Unloading 30 unused Assets to reduce memory usage. Loaded Objects now: 2551.
Total: 2.490200 ms (FindLiveObjects: 0.257500 ms CreateObjectMapping: 0.120000 ms MarkObjects: 2.027600 ms  DeleteObjects: 0.083900 ms)

AssetImportParameters requested are different than current active one (requested -> active):
  custom:framework-win-MediaFoundation: 216162199b28c13a410421893ffa2e32 -> 
  custom:video-decoder-ogg-theora: a1e56fd34408186e4bbccfd4996cb3dc -> 
  custom:container-muxer-webm: aa71ff27fc2769a1b78a27578f13a17b -> 
  custom:container-demuxer-webm: 4f35f7cbe854078d1ac9338744f61a02 -> 
  custom:container-demuxer-ogg: 62fdf1f143b41e24485cea50d1cbac27 -> 
  custom:video-encoder-webm-vp8: eb34c28f22e8b96e1ab97ce403110664 -> 
  custom:video-decoder-webm-vp8: 9c59270c3fd7afecdb556c50c9e8de78 -> 
  custom:audio-decoder-ogg-vorbis: bf7c407c2cedff20999df2af8eb42d56 -> 
  custom:audio-encoder-webm-vorbis: bf7c407c2cedff20999df2af8eb42d56 -> 
========================================================================
Received Import Request.
  path: Assets/Scenes
  artifactKey: Guid(39119f59a0087c9469bdefcd2db21d90) Importer(815301076,1909f56bfc062723c751e8b465ee728b)
Start importing Assets/Scenes using Guid(39119f59a0087c9469bdefcd2db21d90) Importer(815301076,1909f56bfc062723c751e8b465ee728b)  -> (artifact id: 'bfdd71f638d5bc1f7d181c571753118b') in 0.009817 seconds 
  Import took 0.012939 seconds .

========================================================================
Received Import Request.
  Time since last request: 11.696673 seconds.
  path: Assets/Scenes/Recipe Page.unity
  artifactKey: Guid(bb17e6d8fdcbeb5498adceb0f871b961) Importer(815301076,1909f56bfc062723c751e8b465ee728b)
Start importing Assets/Scenes/Recipe Page.unity using Guid(bb17e6d8fdcbeb5498adceb0f871b961) Importer(815301076,1909f56bfc062723c751e8b465ee728b)  -> (artifact id: '301b57335b7bc6fd6fa870c0f6e449ce') in 0.013157 seconds 
  Import took 0.016190 seconds .

========================================================================
Received Import Request.
  Time since last request: 5.319764 seconds.
  path: Assets/Scenes/Main Page.unity
  artifactKey: Guid(b6f3bfa2561b7614ea9842f6cbb320af) Importer(815301076,1909f56bfc062723c751e8b465ee728b)
Start importing Assets/Scenes/Main Page.unity using Guid(b6f3bfa2561b7614ea9842f6cbb320af) Importer(815301076,1909f56bfc062723c751e8b465ee728b)  -> (artifact id: '84321389c27498377f78e14438cf77bd') in 0.006111 seconds 
  Import took 0.009128 seconds .

========================================================================
Received Prepare
Registering precompiled user dll's ...
Registered in 0.004030 seconds.
Begin MonoManager ReloadAssembly
Native extension for WindowsStandalone target not found
Native extension for WebGL target not found
Refreshing native plugins compatible for Editor in 0.50 ms, found 3 plugins.
Preloading 0 native plugins for Editor in 0.00 ms.
Mono: successfully reloaded assembly
- Completed reload, in  0.671 seconds
Domain Reload Profiling:
	ReloadAssembly (671ms)
		BeginReloadAssembly (100ms)
			ExecutionOrderSort (0ms)
			DisableScriptedObjects (5ms)
			BackupInstance (0ms)
			ReleaseScriptingObjects (0ms)
			CreateAndSetChildDomain (32ms)
		EndReloadAssembly (529ms)
			LoadAssemblies (62ms)
			RebuildTransferFunctionScriptingTraits (0ms)
			SetupTypeCache (176ms)
			ReleaseScriptCaches (1ms)
			RebuildScriptCaches (27ms)
			SetupLoadedEditorAssemblies (198ms)
				LogAssemblyErrors (0ms)
				InitializePlatformSupportModulesInManaged (4ms)
				SetLoadedEditorAssemblies (0ms)
				RefreshPlugins (1ms)
				BeforeProcessingInitializeOnLoad (43ms)
				ProcessInitializeOnLoadAttributes (141ms)
				ProcessInitializeOnLoadMethodAttributes (4ms)
				AfterProcessingInitializeOnLoad (5ms)
				EditorAssembliesLoaded (0ms)
			ExecutionOrderSort2 (0ms)
			AwakeInstancesAfterBackupRestoration (8ms)
Platform modules already initialized, skipping
Refreshing native plugins compatible for Editor in 0.45 ms, found 3 plugins.
Preloading 0 native plugins for Editor in 0.00 ms.
Unloading 2088 Unused Serialized files (Serialized files now loaded: 0)
System memory in use before: 93.6 MB.
System memory in use after: 93.8 MB.

Unloading 18 unused Assets to reduce memory usage. Loaded Objects now: 2554.
Total: 2.720200 ms (FindLiveObjects: 0.207400 ms CreateObjectMapping: 0.049400 ms MarkObjects: 2.406100 ms  DeleteObjects: 0.054700 ms)

AssetImportParameters requested are different than current active one (requested -> active):
  custom:framework-win-MediaFoundation: 216162199b28c13a410421893ffa2e32 -> 
  custom:video-decoder-ogg-theora: a1e56fd34408186e4bbccfd4996cb3dc -> 
  custom:container-muxer-webm: aa71ff27fc2769a1b78a27578f13a17b -> 
  custom:container-demuxer-webm: 4f35f7cbe854078d1ac9338744f61a02 -> 
  custom:container-demuxer-ogg: 62fdf1f143b41e24485cea50d1cbac27 -> 
  custom:video-encoder-webm-vp8: eb34c28f22e8b96e1ab97ce403110664 -> 
  custom:video-decoder-webm-vp8: 9c59270c3fd7afecdb556c50c9e8de78 -> 
  custom:audio-decoder-ogg-vorbis: bf7c407c2cedff20999df2af8eb42d56 -> 
  custom:audio-encoder-webm-vorbis: bf7c407c2cedff20999df2af8eb42d56 -> 
========================================================================
Received Import Request.
  Time since last request: 85.953523 seconds.
  path: Assets/Scenes/Add Recipe Page.unity
  artifactKey: Guid(bc3818c6b04ffcf4fb3b0bfef824ed83) Importer(815301076,1909f56bfc062723c751e8b465ee728b)
Start importing Assets/Scenes/Add Recipe Page.unity using Guid(bc3818c6b04ffcf4fb3b0bfef824ed83) Importer(815301076,1909f56bfc062723c751e8b465ee728b)  -> (artifact id: 'f1711db3fba402940e839f4306fb7e7c') in 0.013876 seconds 
  Import took 0.016410 seconds .

========================================================================
Received Import Request.
  Time since last request: 761.586182 seconds.
  path: Assets/Art/Misc
  artifactKey: Guid(2eda79ef26b9ffe4083a30d6711aa8b3) Importer(815301076,1909f56bfc062723c751e8b465ee728b)
Start importing Assets/Art/Misc using Guid(2eda79ef26b9ffe4083a30d6711aa8b3) Importer(815301076,1909f56bfc062723c751e8b465ee728b)  -> (artifact id: '37dddb9f6f6d87c62696e9c8fb85caef') in 0.006305 seconds 
  Import took 0.009803 seconds .

========================================================================
Received Import Request.
  Time since last request: 0.056040 seconds.
  path: Assets/Art/Misc/index.png
  artifactKey: Guid(e39486b8a03e8c54bb8da5682a10c2f5) Importer(815301076,1909f56bfc062723c751e8b465ee728b)
Start importing Assets/Art/Misc/index.png using Guid(e39486b8a03e8c54bb8da5682a10c2f5) Importer(815301076,1909f56bfc062723c751e8b465ee728b)  -> (artifact id: '61a6d738924fa7dc4a6300a4e5469d2b') in 0.068885 seconds 
  Import took 0.072253 seconds .

========================================================================
Received Import Request.
  Time since last request: 0.000190 seconds.
  path: Assets/Art/Misc/Star.png
  artifactKey: Guid(27328ce13f4c94541810527d1a28a2a2) Importer(815301076,1909f56bfc062723c751e8b465ee728b)
Start importing Assets/Art/Misc/Star.png using Guid(27328ce13f4c94541810527d1a28a2a2) Importer(815301076,1909f56bfc062723c751e8b465ee728b)  -> (artifact id: '1d1fdcc3776acec4d5e30ed4fbb4b6bc') in 0.015443 seconds 
  Import took 0.018525 seconds .

========================================================================
Received Import Request.
  Time since last request: 0.001569 seconds.
  path: Assets/Art/Misc/Star.png
  artifactKey: Guid(27328ce13f4c94541810527d1a28a2a2) Importer(815301076,1909f56bfc062723c751e8b465ee728b)
Start importing Assets/Art/Misc/Star.png using Guid(27328ce13f4c94541810527d1a28a2a2) Importer(815301076,1909f56bfc062723c751e8b465ee728b)  -> (artifact id: '1d1fdcc3776acec4d5e30ed4fbb4b6bc') in 0.011843 seconds 
  Import took 0.014769 seconds .

========================================================================
Received Import Request.
  Time since last request: 3.373848 seconds.
  path: Assets/Art/MenuButtons/StickyNote.png
  artifactKey: Guid(f4582a37b48777f489f015fc3fcf976c) Importer(815301076,1909f56bfc062723c751e8b465ee728b)
Start importing Assets/Art/MenuButtons/StickyNote.png using Guid(f4582a37b48777f489f015fc3fcf976c) Importer(815301076,1909f56bfc062723c751e8b465ee728b)  -> (artifact id: 'bf63a6b7761e677bc6101671f93212fd') in 0.015274 seconds 
  Import took 0.018618 seconds .

========================================================================
Received Import Request.
  Time since last request: 42.091124 seconds.
  path: Assets/Art/Misc/AddImage.png
  artifactKey: Guid(d46aa5dc05e5d594f9b7d0c1e926aeb7) Importer(815301076,1909f56bfc062723c751e8b465ee728b)
Start importing Assets/Art/Misc/AddImage.png using Guid(d46aa5dc05e5d594f9b7d0c1e926aeb7) Importer(815301076,1909f56bfc062723c751e8b465ee728b)  -> (artifact id: '04df065e0fd0fa3071875bcfcd7154c4') in 0.018450 seconds 
  Import took 0.022105 seconds .

========================================================================
Received Import Request.
  Time since last request: 0.000189 seconds.
  path: Assets/Art/Misc/BackButton.png
  artifactKey: Guid(374ed675cf1d2714882f45f13b63d6dd) Importer(815301076,1909f56bfc062723c751e8b465ee728b)
Start importing Assets/Art/Misc/BackButton.png using Guid(374ed675cf1d2714882f45f13b63d6dd) Importer(815301076,1909f56bfc062723c751e8b465ee728b)  -> (artifact id: 'b7e8bd63672cdbcb0ca881dd4858852d') in 0.014005 seconds 
  Import took 0.016966 seconds .

========================================================================
Received Import Request.
  Time since last request: 764.126828 seconds.
  path: Assets/Art/Misc/AddButton.png
  artifactKey: Guid(b554fd67130735745a5ef77dfb037061) Importer(815301076,1909f56bfc062723c751e8b465ee728b)
Start importing Assets/Art/Misc/AddButton.png using Guid(b554fd67130735745a5ef77dfb037061) Importer(815301076,1909f56bfc062723c751e8b465ee728b)  -> (artifact id: '0775a431f65e568c35a0f150c36f44f1') in 0.019733 seconds 
  Import took 0.022911 seconds .

